# JRE version: OpenJDK Runtime Environment (17.0.6) (build 17.0.6+0-b2043.56-10027231)
# Java VM: OpenJDK 64-Bit Server VM (17.0.6+0-b2043.56-10027231, mixed mode, tiered, compressed oops, compressed class ptrs, g1 gc, windows-amd64)
GC Precious Log:
 CPUs: 8 total, 8 available
 Memory: 16160M
 Large Page Support: Disabled
 NUMA Support: Disabled
 Compressed Oops: Enabled (32-bit)
 Heap Region Size: 1M
 Heap Min Capacity: 8M
 Heap Initial Capacity: 254M
 Heap Max Capacity: 2G
 Pre-touch: Disabled
 Parallel Workers: 8
 Concurrent Workers: 2
 Concurrent Refinement Workers: 8
 Periodic GC: Disabled
Heap:
 garbage-first heap   total 365568K, used 183055K [0x0000000080000000, 0x0000000100000000)
  region size 1024K, 53 young (54272K), 4 survivors (4096K)
 Metaspace       used 145565K, committed 146944K, reserved 1179648K
  class space    used 19286K, committed 19968K, reserved 1048576K
GC Heap History (20 events):
Event: 4561.277 GC heap before
{Heap before GC invocations=61 (full 0):
 garbage-first heap   total 410624K, used 355637K [0x0000000080000000, 0x0000000100000000)
  region size 1024K, 174 young (178176K), 14 survivors (14336K)
 Metaspace       used 132230K, committed 134336K, reserved 1171456K
  class space    used 18127K, committed 19136K, reserved 1048576K
}
Event: 4561.285 GC heap after
{Heap after GC invocations=62 (full 0):
 garbage-first heap   total 410624K, used 156317K [0x0000000080000000, 0x0000000100000000)
  region size 1024K, 3 young (3072K), 3 survivors (3072K)
 Metaspace       used 132230K, committed 134336K, reserved 1171456K
  class space    used 18127K, committed 19136K, reserved 1048576K
}
Event: 5468.459 GC heap before
{Heap before GC invocations=62 (full 0):
 garbage-first heap   total 410624K, used 172701K [0x0000000080000000, 0x0000000100000000)
  region size 1024K, 20 young (20480K), 3 survivors (3072K)
 Metaspace       used 132233K, committed 134336K, reserved 1171456K
  class space    used 18127K, committed 19136K, reserved 1048576K
}
Event: 5468.468 GC heap after
{Heap after GC invocations=63 (full 0):
 garbage-first heap   total 410624K, used 135704K [0x0000000080000000, 0x0000000100000000)
  region size 1024K, 2 young (2048K), 2 survivors (2048K)
 Metaspace       used 132233K, committed 134336K, reserved 1171456K
  class space    used 18127K, committed 19136K, reserved 1048576K
}
Event: 5544.490 GC heap before
{Heap before GC invocations=63 (full 0):
 garbage-first heap   total 410624K, used 201240K [0x0000000080000000, 0x0000000100000000)
  region size 1024K, 67 young (68608K), 2 survivors (2048K)
 Metaspace       used 132342K, committed 134464K, reserved 1171456K
  class space    used 18133K, committed 19136K, reserved 1048576K
}
Event: 5544.582 GC heap after
{Heap after GC invocations=64 (full 1):
 garbage-first heap   total 304128K, used 86062K [0x0000000080000000, 0x0000000100000000)
  region size 1024K, 0 young (0K), 0 survivors (0K)
 Metaspace       used 130419K, committed 133504K, reserved 1171456K
  class space    used 17667K, committed 18816K, reserved 1048576K
}
Event: 5851.160 GC heap before
{Heap before GC invocations=64 (full 1):
 garbage-first heap   total 304128K, used 239662K [0x0000000080000000, 0x0000000100000000)
  region size 1024K, 150 young (153600K), 0 survivors (0K)
 Metaspace       used 130534K, committed 133504K, reserved 1171456K
  class space    used 17670K, committed 18816K, reserved 1048576K
}
Event: 5851.171 GC heap after
{Heap after GC invocations=65 (full 1):
 garbage-first heap   total 304128K, used 98182K [0x0000000080000000, 0x0000000100000000)
  region size 1024K, 12 young (12288K), 12 survivors (12288K)
 Metaspace       used 130534K, committed 133504K, reserved 1171456K
  class space    used 17670K, committed 18816K, reserved 1048576K
}
Event: 5852.257 GC heap before
{Heap before GC invocations=66 (full 1):
 garbage-first heap   total 304128K, used 169862K [0x0000000080000000, 0x0000000100000000)
  region size 1024K, 84 young (86016K), 12 survivors (12288K)
 Metaspace       used 134228K, committed 135680K, reserved 1171456K
  class space    used 18084K, committed 18880K, reserved 1048576K
}
Event: 5852.269 GC heap after
{Heap after GC invocations=67 (full 1):
 garbage-first heap   total 304128K, used 110694K [0x0000000080000000, 0x0000000100000000)
  region size 1024K, 13 young (13312K), 13 survivors (13312K)
 Metaspace       used 134228K, committed 135680K, reserved 1171456K
  class space    used 18084K, committed 18880K, reserved 1048576K
}
Event: 5852.937 GC heap before
{Heap before GC invocations=68 (full 1):
 garbage-first heap   total 304128K, used 162918K [0x0000000080000000, 0x0000000100000000)
  region size 1024K, 56 young (57344K), 13 survivors (13312K)
 Metaspace       used 134831K, committed 136256K, reserved 1171456K
  class space    used 18136K, committed 18880K, reserved 1048576K
}
Event: 5852.949 GC heap after
{Heap after GC invocations=69 (full 1):
 garbage-first heap   total 304128K, used 128518K [0x0000000080000000, 0x0000000100000000)
  region size 1024K, 16 young (16384K), 16 survivors (16384K)
 Metaspace       used 134831K, committed 136256K, reserved 1171456K
  class space    used 18136K, committed 18880K, reserved 1048576K
}
Event: 5853.752 GC heap before
{Heap before GC invocations=70 (full 1):
 garbage-first heap   total 304128K, used 186886K [0x0000000080000000, 0x0000000100000000)
  region size 1024K, 67 young (68608K), 16 survivors (16384K)
 Metaspace       used 137681K, committed 139072K, reserved 1171456K
  class space    used 18492K, committed 19200K, reserved 1048576K
}
Event: 5853.766 GC heap after
{Heap after GC invocations=71 (full 1):
 garbage-first heap   total 304128K, used 139242K [0x0000000080000000, 0x0000000100000000)
  region size 1024K, 11 young (11264K), 11 survivors (11264K)
 Metaspace       used 137681K, committed 139072K, reserved 1171456K
  class space    used 18492K, committed 19200K, reserved 1048576K
}
Event: 5854.177 GC heap before
{Heap before GC invocations=72 (full 1):
 garbage-first heap   total 304128K, used 228330K [0x0000000080000000, 0x0000000100000000)
  region size 1024K, 82 young (83968K), 11 survivors (11264K)
 Metaspace       used 141094K, committed 142400K, reserved 1179648K
  class space    used 18796K, committed 19456K, reserved 1048576K
}
Event: 5854.184 GC heap after
{Heap after GC invocations=73 (full 1):
 garbage-first heap   total 365568K, used 144779K [0x0000000080000000, 0x0000000100000000)
  region size 1024K, 11 young (11264K), 11 survivors (11264K)
 Metaspace       used 141094K, committed 142400K, reserved 1179648K
  class space    used 18796K, committed 19456K, reserved 1048576K
}
Event: 5854.203 GC heap before
{Heap before GC invocations=73 (full 1):
 garbage-first heap   total 365568K, used 150923K [0x0000000080000000, 0x0000000100000000)
  region size 1024K, 17 young (17408K), 11 survivors (11264K)
 Metaspace       used 141140K, committed 142464K, reserved 1179648K
  class space    used 18796K, committed 19456K, reserved 1048576K
}
Event: 5854.207 GC heap after
{Heap after GC invocations=74 (full 1):
 garbage-first heap   total 365568K, used 145993K [0x0000000080000000, 0x0000000100000000)
  region size 1024K, 2 young (2048K), 2 survivors (2048K)
 Metaspace       used 141140K, committed 142464K, reserved 1179648K
  class space    used 18796K, committed 19456K, reserved 1048576K
}
Event: 5854.824 GC heap before
{Heap before GC invocations=74 (full 1):
 garbage-first heap   total 365568K, used 250441K [0x0000000080000000, 0x0000000100000000)
  region size 1024K, 105 young (107520K), 2 survivors (2048K)
 Metaspace       used 143250K, committed 144640K, reserved 1179648K
  class space    used 18997K, committed 19712K, reserved 1048576K
}
Event: 5854.830 GC heap after
{Heap after GC invocations=75 (full 1):
 garbage-first heap   total 365568K, used 148239K [0x0000000080000000, 0x0000000100000000)
  region size 1024K, 4 young (4096K), 4 survivors (4096K)
 Metaspace       used 143250K, committed 144640K, reserved 1179648K
  class space    used 18997K, committed 19712K, reserved 1048576K
}

